[debug] [2022-11-09T08:36:29.887Z] ----------------------------------------------------------------------
[debug] [2022-11-09T08:36:29.889Z] Command:       C:\Program Files\nodejs\node.exe C:\Users\User\AppData\Roaming\npm\node_modules\firebase-tools\lib\bin\firebase.js init
[debug] [2022-11-09T08:36:29.889Z] CLI Version:   11.15.0
[debug] [2022-11-09T08:36:29.890Z] Platform:      win32
[debug] [2022-11-09T08:36:29.890Z] Node Version:  v16.15.1
[debug] [2022-11-09T08:36:29.891Z] Time:          Wed Nov 09 2022 14:36:29 GMT+0600 (Bangladesh Standard Time)
[debug] [2022-11-09T08:36:29.891Z] ----------------------------------------------------------------------
[debug] 
[debug] [2022-11-09T08:36:29.895Z] >>> [apiv2][query] GET https://firebase-public.firebaseio.com/cli.json [none]
[debug] [2022-11-09T08:36:29.924Z] > command requires scopes: ["email","openid","https://www.googleapis.com/auth/cloudplatformprojects.readonly","https://www.googleapis.com/auth/firebase","https://www.googleapis.com/auth/cloud-platform"]
[debug] [2022-11-09T08:36:29.924Z] > authorizing via signed-in user (raswakaraziam@gmail.com)
[info] 
     ######## #### ########  ######## ########     ###     ######  ########
     ##        ##  ##     ## ##       ##     ##  ##   ##  ##       ##
     ######    ##  ########  ######   ########  #########  ######  ######
     ##        ##  ##    ##  ##       ##     ## ##     ##       ## ##
     ##       #### ##     ## ######## ########  ##     ##  ######  ########

You're about to initialize a Firebase project in this directory:

  F:\VS\programming hero course\assignmnets\assignment (11)\assignment-11

[debug] [2022-11-09T08:36:30.586Z] <<< [apiv2][status] GET https://firebase-public.firebaseio.com/cli.json 200
[debug] [2022-11-09T08:36:30.587Z] <<< [apiv2][body] GET https://firebase-public.firebaseio.com/cli.json {"cloudBuildErrorAfter":1594252800000,"cloudBuildWarnAfter":1590019200000,"defaultNode10After":1594252800000,"minVersion":"3.0.5","node8DeploysDisabledAfter":1613390400000,"node8RuntimeDisabledAfter":1615809600000,"node8WarnAfter":1600128000000}
